#
# A fatal error has been detected by the Java Runtime Environment:
#
#  EXCEPTION_ACCESS_VIOLATION (0xc0000005) at pc=0x00007ffb2eb3d98b, pid=1272, tid=1812
#
# JRE version: Java(TM) SE Runtime Environment (8.0_60-b27) (build 1.8.0_60-b27)
# Java VM: Java HotSpot(TM) 64-Bit Server VM (25.60-b23 mixed mode windows-amd64 compressed oops)
# Problematic frame:
# C  [libpxcclr.jni64.dll+0xd98b]
#
# Failed to write core dump. Minidumps are not enabled by default on client versions of Windows
#
# If you would like to submit a bug report, please visit:
#   http://bugreport.java.com/bugreport/crash.jsp
# The crash happened outside the Java Virtual Machine in native code.
# See problematic frame for where to report the bug.
#

---------------  T H R E A D  ---------------

Current thread (0x0000000002100800):  JavaThread "main" [_thread_in_native, id=1812, stack(0x0000000001f20000,0x0000000002020000)]

siginfo: ExceptionCode=0xc0000005, reading address 0x0000000000000000

Registers:
RAX=0x00007ffb2eb3d980, RBX=0x0000000018d1db00, RCX=0x00000000021009f8, RDX=0x000000000201f708
RSP=0x000000000201f630, RBP=0x000000000201f6f8, RSI=0x0000000020000021, RDI=0x0000000002207a70
R8 =0x0000000000000000, R9 =0x000000000201f718, R10=0x0000000002215e08, R11=0x0000000061509440
R12=0x0000000000000000, R13=0x0000000018d1db00, R14=0x000000000201f728, R15=0x00000000021009f8
RIP=0x00007ffb2eb3d98b, EFLAGS=0x0000000000010206

Top of Stack: (sp=0x000000000201f630)
0x000000000201f630:   0000000018d1db00 0000000002100800
0x000000000201f640:   0000000002207a70 0000000002215cc6
0x000000000201f650:   00000000020f8900 0000000002100800
0x000000000201f660:   0000000018d1db00 0000000002100800
0x000000000201f670:   000000000201f728 0000000002215e34
0x000000000201f680:   0000000002207a70 0000000002215bab
0x000000000201f690:   0000000002100800 0000000018d1db00
0x000000000201f6a0:   0000000020000021 0000000002100800
0x000000000201f6b0:   0000000002215b62 000000000201f6b8
0x000000000201f6c0:   0000000018d1db00 000000000201f728
0x000000000201f6d0:   0000000018d1f570 0000000000000000
0x000000000201f6e0:   0000000018d1db00 0000000000000000
0x000000000201f6f0:   000000000201f718 000000000201f770
0x000000000201f700:   0000000002207ced 0000000780cd11b8
0x000000000201f710:   000000000220f978 0000000780cd4918
0x000000000201f720:   0000000000000000 0000000780cd1230 

Instructions: (pc=0x00007ffb2eb3d98b)
0x00007ffb2eb3d96b:   4c 24 40 48 33 cc e8 5a b6 00 00 48 83 c4 48 41
0x00007ffb2eb3d97b:   5c 5f c3 66 90 41 56 41 57 48 83 ec 38 49 89 cf
0x00007ffb2eb3d98b:   49 8b 00 4c 89 c1 4d 89 ce ff 50 30 49 89 e3 4c
0x00007ffb2eb3d99b:   89 f9 44 8b 10 48 8d 15 59 b8 03 00 44 89 54 24 


Register to memory mapping:

RAX=0x00007ffb2eb3d980 is an unknown value
RBX={method} {0x0000000018d1db08} 'PXCMHandData_IHand_QueryMassCenterImage' '(JLintel/rssdk/PXCMPointF32;)V' in 'intel/rssdk/PXCMHandData$IHand'
RCX=0x00000000021009f8 is an unknown value
RDX=0x000000000201f708 is pointing into the stack for thread: 0x0000000002100800
RSP=0x000000000201f630 is pointing into the stack for thread: 0x0000000002100800
RBP=0x000000000201f6f8 is pointing into the stack for thread: 0x0000000002100800
RSI=0x0000000020000021 is an unknown value
RDI=0x0000000002207a70 is at code_begin+1456 in an Interpreter codelet
invoke return entry points  [0x00000000022074c0, 0x0000000002207dc0]  2304 bytes
R8 =0x0000000000000000 is an unknown value
R9 =0x000000000201f718 is pointing into the stack for thread: 0x0000000002100800
R10=0x0000000002215e08 is at code_begin+840 in an Interpreter codelet
method entry point (kind = native)  [0x0000000002215ac0, 0x0000000002216420]  2400 bytes
R11=0x0000000061509440 is an unknown value
R12=0x0000000000000000 is an unknown value
R13={method} {0x0000000018d1db08} 'PXCMHandData_IHand_QueryMassCenterImage' '(JLintel/rssdk/PXCMPointF32;)V' in 'intel/rssdk/PXCMHandData$IHand'
R14=0x000000000201f728 is pointing into the stack for thread: 0x0000000002100800
R15=0x00000000021009f8 is an unknown value


Stack: [0x0000000001f20000,0x0000000002020000],  sp=0x000000000201f630,  free space=1021k
Native frames: (J=compiled Java code, j=interpreted, Vv=VM code, C=native code)
C  [libpxcclr.jni64.dll+0xd98b]
C  0x0000000002215e34

Java frames: (J=compiled Java code, j=interpreted, Vv=VM code)
j  intel.rssdk.PXCMHandData$IHand.PXCMHandData_IHand_QueryMassCenterImage(JLintel/rssdk/PXCMPointF32;)V+0
j  intel.rssdk.PXCMHandData$IHand.QueryMassCenterImage()Lintel/rssdk/PXCMPointF32;+13
j  CameraViewer.main([Ljava/lang/String;)V+216
v  ~StubRoutines::call_stub

---------------  P R O C E S S  ---------------

Java Threads: ( => current thread )
  0x000000001abe6000 JavaThread "Service Thread" daemon [_thread_blocked, id=5888, stack(0x000000001afc0000,0x000000001b0c0000)]
  0x0000000019286800 JavaThread "C1 CompilerThread2" daemon [_thread_blocked, id=4916, stack(0x000000001aac0000,0x000000001abc0000)]
  0x0000000019280800 JavaThread "C2 CompilerThread1" daemon [_thread_blocked, id=8240, stack(0x000000001a9c0000,0x000000001aac0000)]
  0x000000001927e000 JavaThread "C2 CompilerThread0" daemon [_thread_blocked, id=6676, stack(0x000000001a8c0000,0x000000001a9c0000)]
  0x000000001927d000 JavaThread "Attach Listener" daemon [_thread_blocked, id=9188, stack(0x000000001a7c0000,0x000000001a8c0000)]
  0x000000001927b800 JavaThread "Signal Dispatcher" daemon [_thread_blocked, id=32, stack(0x000000001a6c0000,0x000000001a7c0000)]
  0x00000000021f8800 JavaThread "Finalizer" daemon [_thread_blocked, id=6192, stack(0x000000001a4e0000,0x000000001a5e0000)]
  0x00000000021ee800 JavaThread "Reference Handler" daemon [_thread_blocked, id=8308, stack(0x000000001a3e0000,0x000000001a4e0000)]
=>0x0000000002100800 JavaThread "main" [_thread_in_native, id=1812, stack(0x0000000001f20000,0x0000000002020000)]

Other Threads:
  0x0000000019246800 VMThread [stack: 0x000000001a2e0000,0x000000001a3e0000] [id=6508]
  0x000000001abef000 WatcherThread [stack: 0x000000001b0c0000,0x000000001b1c0000] [id=5932]

VM state:not at safepoint (normal execution)

VM Mutex/Monitor currently owned by a thread: None

Heap:
 PSYoungGen      total 57344K, used 3949K [0x0000000780980000, 0x0000000784980000, 0x00000007c0000000)
  eden space 49152K, 8% used [0x0000000780980000,0x0000000780d5b570,0x0000000783980000)
  from space 8192K, 0% used [0x0000000784180000,0x0000000784180000,0x0000000784980000)
  to   space 8192K, 0% used [0x0000000783980000,0x0000000783980000,0x0000000784180000)
 ParOldGen       total 131072K, used 0K [0x0000000701c00000, 0x0000000709c00000, 0x0000000780980000)
  object space 131072K, 0% used [0x0000000701c00000,0x0000000701c00000,0x0000000709c00000)
 Metaspace       used 3165K, capacity 4824K, committed 5120K, reserved 1056768K
  class space    used 355K, capacity 456K, committed 512K, reserved 1048576K

Card table byte_map: [0x00000000115c0000,0x0000000011bc0000] byte_map_base: 0x000000000ddb2000

Marking Bits: (ParMarkBitMap*) 0x0000000061aea5b0
 Begin Bits: [0x00000000123c0000, 0x0000000015350000)
 End Bits:   [0x0000000015350000, 0x00000000182e0000)

Polling page: 0x0000000001ea0000

CodeCache: size=245760Kb used=1219Kb max_used=1219Kb free=244540Kb
 bounds [0x0000000002200000, 0x0000000002470000, 0x0000000011200000]
 total_blobs=333 nmethods=87 adapters=159
 compilation: enabled

Compilation events (10 events):
Event: 2.276 Thread 0x0000000019286800   83       3       java.util.HashMap::get (23 bytes)
Event: 2.276 Thread 0x0000000019286800 nmethod 83 0x000000000232b790 code [0x000000000232b920, 0x000000000232bd38]
Event: 2.276 Thread 0x0000000019286800   84       3       java.util.concurrent.ConcurrentHashMap::spread (10 bytes)
Event: 2.276 Thread 0x0000000019286800 nmethod 84 0x000000000232ed50 code [0x000000000232eea0, 0x000000000232eff0]
Event: 2.276 Thread 0x0000000019286800   85       3       sun.nio.cs.UTF_8$Encoder::encode (359 bytes)
Event: 2.277 Thread 0x0000000019286800 nmethod 85 0x000000000232f050 code [0x000000000232f240, 0x000000000232fd58]
Event: 2.335 Thread 0x0000000019286800   86       3       java.lang.StringBuilder::<init> (7 bytes)
Event: 2.335 Thread 0x0000000019286800 nmethod 86 0x00000000023303d0 code [0x0000000002330540, 0x00000000023307f0]
Event: 4.145 Thread 0x0000000019286800   87       1       java.net.URLStreamHandler::getDefaultPort (2 bytes)
Event: 4.145 Thread 0x0000000019286800 nmethod 87 0x0000000002330f10 code [0x0000000002331060, 0x0000000002331170]

GC Heap History (0 events):
No events

Deoptimization events (0 events):
No events

Internal exceptions (2 events):
Event: 0.033 Thread 0x0000000002100800 Exception <a 'java/lang/NoSuchMethodError': Method sun.misc.Unsafe.defineClass(Ljava/lang/String;[BII)Ljava/lang/Class; name or signature does not match> (0x000000078098cd90) thrown at [C:\re\workspace\8-2-build-windows-amd64-cygwin\jdk8u60\4407\hotspot\srYèbJÞý ?
Event: 0.033 Thread 0x0000000002100800 Exception <a 'java/lang/NoSuchMethodError': Method sun.misc.Unsafe.prefetchRead(Ljava/lang/Object;J)V name or signature does not match> (0x000000078098d078) thrown at [C:\re\workspace\8-2-build-windows-amd64-cygwin\jdk8u60\4407\hotspot\src\share\vm\prims\j

Events (10 events):
Event: 2.335 loading class intel/rssdk/PXCMHandData$GestureData
Event: 2.335 loading class intel/rssdk/PXCMHandData$GestureData done
Event: 4.111 Executing VM operation: EnableBiasedLocking
Event: 4.111 Executing VM operation: EnableBiasedLocking done
Event: 4.144 loading class intel/rssdk/PXCMCapture$Sample
Event: 4.144 loading class intel/rssdk/PXCMCapture$Sample done
Event: 6.410 loading class intel/rssdk/PXCMHandData$IHand
Event: 6.410 loading class intel/rssdk/PXCMHandData$IHand done
Event: 6.412 loading class intel/rssdk/PXCMHandData$AccessOrderType
Event: 6.412 loading class intel/rssdk/PXCMHandData$AccessOrderType done


Dynamic libraries:
0x00007ff7e1630000 - 0x00007ff7e1667000 	C:\Program Files\Java\jdk1.8.0_60\bin\javaw.exe
0x00007ffb43100000 - 0x00007ffb432ac000 	C:\WINDOWS\SYSTEM32\ntdll.dll
0x00007ffb41350000 - 0x00007ffb4148e000 	C:\WINDOWS\system32\KERNEL32.DLL
0x00007ffb40670000 - 0x00007ffb40785000 	C:\WINDOWS\system32\KERNELBASE.dll
0x00007ffb3ee00000 - 0x00007ffb3ee8e000 	C:\WINDOWS\system32\apphelp.dll
0x00007ffb2c340000 - 0x00007ffb2c393000 	C:\WINDOWS\AppPatch\AppPatch64\AcGenral.DLL
0x00007ffb40990000 - 0x00007ffb40a3a000 	C:\WINDOWS\system32\msvcrt.dll
0x00007ffb40030000 - 0x00007ffb4005e000 	C:\WINDOWS\SYSTEM32\SspiCli.dll
0x00007ffb40ce0000 - 0x00007ffb40d34000 	C:\WINDOWS\system32\SHLWAPI.dll
0x00007ffb411d0000 - 0x00007ffb41347000 	C:\WINDOWS\system32\USER32.dll
0x00007ffb407f0000 - 0x00007ffb40984000 	C:\WINDOWS\system32\ole32.dll
0x00007ffb41490000 - 0x00007ffb429a9000 	C:\WINDOWS\system32\SHELL32.dll
0x00007ffb3f680000 - 0x00007ffb3f6a1000 	C:\WINDOWS\SYSTEM32\USERENV.dll
0x00007ffb43040000 - 0x00007ffb430ea000 	C:\WINDOWS\system32\ADVAPI32.dll
0x00007ffb319c0000 - 0x00007ffb319de000 	C:\WINDOWS\SYSTEM32\MPR.dll
0x00007ffb40b90000 - 0x00007ffb40cd1000 	C:\WINDOWS\system32\RPCRT4.dll
0x00007ffb40f40000 - 0x00007ffb40f99000 	C:\WINDOWS\SYSTEM32\sechost.dll
0x00007ffb429c0000 - 0x00007ffb42bd1000 	C:\WINDOWS\SYSTEM32\combase.dll
0x00007ffb40a40000 - 0x00007ffb40b8f000 	C:\WINDOWS\system32\GDI32.dll
0x00007ffb40260000 - 0x00007ffb40275000 	C:\WINDOWS\SYSTEM32\profapi.dll
0x00007ffb3e680000 - 0x00007ffb3e732000 	C:\WINDOWS\SYSTEM32\SHCORE.dll
0x00007ffb40790000 - 0x00007ffb407c6000 	C:\WINDOWS\system32\IMM32.DLL
0x00007ffb41070000 - 0x00007ffb411c2000 	C:\WINDOWS\system32\MSCTF.dll
0x00007ffb3de40000 - 0x00007ffb3e0ba000 	C:\WINDOWS\WinSxS\amd64_microsoft.windows.common-controls_6595b64144ccf1df_6.0.9600.17810_none_6240b9c7ecbd0bda\COMCTL32.dll
0x0000000061b70000 - 0x0000000061c42000 	C:\Program Files\Java\jdk1.8.0_60\jre\bin\msvcr100.dll
0x00000000612e0000 - 0x0000000061b69000 	C:\Program Files\Java\jdk1.8.0_60\jre\bin\server\jvm.dll
0x00007ffb39460000 - 0x00007ffb39469000 	C:\WINDOWS\SYSTEM32\WSOCK32.dll
0x00007ffb3c550000 - 0x00007ffb3c572000 	C:\WINDOWS\SYSTEM32\WINMM.dll
0x00007ffb3a8a0000 - 0x00007ffb3a8aa000 	C:\WINDOWS\SYSTEM32\VERSION.dll
0x00007ffb42e50000 - 0x00007ffb42e57000 	C:\WINDOWS\system32\PSAPI.DLL
0x00007ffb40e10000 - 0x00007ffb40e6a000 	C:\WINDOWS\system32\WS2_32.dll
0x00007ffb3c520000 - 0x00007ffb3c54a000 	C:\WINDOWS\SYSTEM32\WINMMBASE.dll
0x00007ffb40e70000 - 0x00007ffb40e79000 	C:\WINDOWS\system32\NSI.dll
0x00007ffb405c0000 - 0x00007ffb4060f000 	C:\WINDOWS\SYSTEM32\cfgmgr32.dll
0x00007ffb3f060000 - 0x00007ffb3f088000 	C:\WINDOWS\SYSTEM32\DEVOBJ.dll
0x00000000612d0000 - 0x00000000612df000 	C:\Program Files\Java\jdk1.8.0_60\jre\bin\verify.dll
0x00000000612a0000 - 0x00000000612c9000 	C:\Program Files\Java\jdk1.8.0_60\jre\bin\java.dll
0x0000000061280000 - 0x0000000061296000 	C:\Program Files\Java\jdk1.8.0_60\jre\bin\zip.dll
0x00007ffb2eb30000 - 0x00007ffb2eb8d000 	C:\Users\PC\Desktop\Java Examples\DF_CameraViewer\libpxcclr.jni64.dll
0x00007ffb2ea70000 - 0x00007ffb2eb28000 	C:\Program Files\Common Files\Intel\RSSDK\v6\bin\x64\libpxcsession.dll
0x00007ffb2ea10000 - 0x00007ffb2ea62000 	C:\Program Files\Common Files\Intel\RSSDK\v6\bin\x64\tbb.dll
0x00007ffb2bf80000 - 0x00007ffb2c027000 	C:\WINDOWS\SYSTEM32\MSVCP110.dll
0x00007ffb250e0000 - 0x00007ffb251ae000 	C:\WINDOWS\SYSTEM32\MSVCR110.dll
0x00007ffb24ef0000 - 0x00007ffb250d2000 	C:\Program Files\Common Files\Intel\RSSDK\v6\bin\x64\libpxccore.dll
0x00007ffb1a430000 - 0x00007ffb1a531000 	C:\Program Files\Common Files\Intel\RSSDK\v6\bin\x64\intel-ias2.dll
0x00007ffb2e480000 - 0x00007ffb2e4ca000 	C:\Program Files\Common Files\Intel\RSSDK\v6\bin\x64\libpxclanternrock.dll
0x00007ffb1a340000 - 0x00007ffb1a424000 	C:\Program Files\Common Files\Intel\RSSDK\v6\bin\x64\libpxcpipelineutils.dll
0x00007ffb01f40000 - 0x00007ffb03bbd000 	C:\Program Files\Common Files\Intel\RSSDK\v6\bin\x64\libpxchand_core.dll
0x00007ffb40d40000 - 0x00007ffb40e01000 	C:\WINDOWS\system32\OLEAUT32.dll
0x00007ffb008c0000 - 0x00007ffb01f31000 	C:\Program Files\Common Files\Intel\RSSDK\v6\bin\x64\libpxchand_track.dll
0x00007ffb11dc0000 - 0x00007ffb12d18000 	C:\Program Files\Common Files\Intel\RSSDK\v6\bin\x64\libpxchand_facade.dll
0x00007ffb3eb20000 - 0x00007ffb3ec49000 	C:\WINDOWS\system32\uxtheme.dll
0x00007ffb19e80000 - 0x00007ffb1a0ce000 	C:\Program Files\Common Files\Intel\RSSDK\v6\bin\x64\libpxchandmodule.dll
0x00007ffb38970000 - 0x00007ffb38983000 	C:\Program Files\Common Files\Intel\RSSDK\v6\bin\x64\libpxcpowermanager.dll
0x00007ffb14380000 - 0x00007ffb1449d000 	C:\Program Files\Common Files\Intel\RSDCM\bin\x64\IVCAM_DLL.dll
0x00007ffb42e60000 - 0x00007ffb4303a000 	C:\WINDOWS\system32\SETUPAPI.dll
0x00007ffb142e0000 - 0x00007ffb1437d000 	C:\WINDOWS\SYSTEM32\MF.dll
0x00007ffb32c00000 - 0x00007ffb32ceb000 	C:\WINDOWS\SYSTEM32\MFPlat.DLL
0x00007ffb28c20000 - 0x00007ffb28c85000 	C:\WINDOWS\SYSTEM32\MFReadWrite.dll
0x00007ffb2ab60000 - 0x00007ffb2abb6000 	C:\WINDOWS\SYSTEM32\newdev.dll
0x00007ffb3e740000 - 0x00007ffb3e74b000 	C:\WINDOWS\SYSTEM32\WINUSB.DLL
0x00007ffb399e0000 - 0x00007ffb399f6000 	C:\WINDOWS\SYSTEM32\devrtl.DLL
0x00007ffb140a0000 - 0x00007ffb142d9000 	C:\WINDOWS\SYSTEM32\MFCORE.DLL
0x00007ffb3b7e0000 - 0x00007ffb3b7e8000 	C:\WINDOWS\SYSTEM32\ksuser.dll
0x00007ffb3eed0000 - 0x00007ffb3eedb000 	C:\WINDOWS\SYSTEM32\kernel.appcore.dll
0x00007ffb35190000 - 0x00007ffb351b7000 	C:\WINDOWS\SYSTEM32\RTWorkQ.DLL
0x00007ffb3d540000 - 0x00007ffb3d54c000 	C:\WINDOWS\SYSTEM32\AVRT.dll
0x00007ffb13c20000 - 0x00007ffb14093000 	C:\Program Files\Common Files\Intel\RSDCM\bin\x64\libpxccamera_dcm_f200.dll
0x00007ffb3bfc0000 - 0x00007ffb3c042000 	C:\WINDOWS\SYSTEM32\WINSPOOL.DRV
0x00007ffb3ef30000 - 0x00007ffb3ef37000 	C:\WINDOWS\SYSTEM32\MSIMG32.dll
0x00007ffb3d300000 - 0x00007ffb3d36a000 	C:\WINDOWS\SYSTEM32\OLEACC.dll
0x00007ffb3bc70000 - 0x00007ffb3be20000 	C:\WINDOWS\WinSxS\amd64_microsoft.windows.gdiplus_6595b64144ccf1df_1.1.9600.17415_none_932b3b5547500489\gdiplus.dll
0x00007ffb400d0000 - 0x00007ffb400db000 	C:\WINDOWS\SYSTEM32\CRYPTBASE.dll
0x00007ffb40060000 - 0x00007ffb400c3000 	C:\WINDOWS\SYSTEM32\bcryptPrimitives.dll
0x00007ffb40e80000 - 0x00007ffb40f36000 	C:\WINDOWS\SYSTEM32\clbcatq.dll
0x00007ffb3fad0000 - 0x00007ffb3faf0000 	C:\WINDOWS\SYSTEM32\CRYPTSP.dll
0x00007ffb3f710000 - 0x00007ffb3f746000 	C:\WINDOWS\system32\rsaenh.dll
0x00007ffb3fd20000 - 0x00007ffb3fd46000 	C:\WINDOWS\SYSTEM32\bcrypt.dll
0x00007ffb2f810000 - 0x00007ffb2f82a000 	C:\Program Files\Common Files\Intel\RSDCM\bin\x64\RealSenseDCMPS.dll
0x00007ffb30f50000 - 0x00007ffb30f66000 	C:\Program Files (x86)\LG Electronics\Screen Split\bin\ScreenSplitterHook64.dll
0x00007ffb392e0000 - 0x00007ffb3938b000 	C:\Program Files\Common Files\microsoft shared\ink\tiptsf.dll
0x00007ffb10f00000 - 0x00007ffb11141000 	C:\WINDOWS\System32\msxml3.dll
0x00007ffb38450000 - 0x00007ffb385d5000 	C:\WINDOWS\SYSTEM32\urlmon.dll
0x00007ffb380a0000 - 0x00007ffb38367000 	C:\WINDOWS\SYSTEM32\iertutil.dll
0x00007ffb37df0000 - 0x00007ffb3804a000 	C:\WINDOWS\SYSTEM32\WININET.dll
0x00007ffb3e420000 - 0x00007ffb3e441000 	C:\WINDOWS\system32\dwmapi.dll
0x00007ffb40610000 - 0x00007ffb40661000 	C:\WINDOWS\system32\WINTRUST.dll
0x00007ffb403e0000 - 0x00007ffb405bf000 	C:\WINDOWS\system32\CRYPT32.dll
0x00007ffb40310000 - 0x00007ffb40321000 	C:\WINDOWS\system32\MSASN1.dll
0x00007ffb35220000 - 0x00007ffb353a9000 	C:\WINDOWS\SYSTEM32\dbghelp.dll

VM Arguments:
jvm_args: -Djava.library.path=C:\Users\PC\Desktop\Java Examples\DF_CameraViewer -Dfile.encoding=Cp1252 
java_command: CameraViewer
java_class_path (initial): C:\Users\PC\workspace\CameraViewer\bin;C:\Users\PC\Desktop\Java Examples\DF_CameraViewer\libpxcclr.java.jar
Launcher Type: SUN_STANDARD

Environment Variables:
JAVA_HOME=C:\Program Files\Java\jdk1.8.0_60
PATH=C:/Program Files/Java/jre1.8.0_60/bin/server;C:/Program Files/Java/jre1.8.0_60/bin;C:/Program Files/Java/jre1.8.0_60/lib/amd64;C:\ProgramData\Oracle\Java\javapath;c:\Program Files (x86)\Intel\iCLS Client\;c:\Program Files\Intel\iCLS Client\;C:\WINDOWS\system32;C:\WINDOWS;C:\WINDOWS\System32\Wbem;C:\WINDOWS\System32\WindowsPowerShell\v1.0\;C:\Program Files (x86)\Intel\OpenCL SDK\3.0\bin\x86;C:\Program Files (x86)\Intel\OpenCL SDK\3.0\bin\x64;C:\Program Files\Intel\Intel(R) Management Engine Components\DAL;C:\Program Files\Intel\Intel(R) Management Engine Components\IPT;C:\Program Files (x86)\Intel\Intel(R) Management Engine Components\DAL;C:\Program Files (x86)\Intel\Intel(R) Management Engine Components\IPT;C:\Program Files (x86)\Windows Live\Shared;C:\Program Files\Java\jdk1.8.0_60\bin;C:\Program Files\Java\jre1.8.0_60\bin;C:\WINDOWS\system32\config\systemprofile\.dnx\bin;C:\Program Files\Microsoft DNX\Dnvm\;C:\Program Files (x86)\Skype\Phone\;C:\Program Files (x86)\Windows Kits\8.1\Windows Performance Toolkit;C:\Program Files\Java\jdk1.8.0_60\bin;C:\Users\PC\Desktop;
USERNAME=PC
OS=Windows_NT
PROCESSOR_IDENTIFIER=Intel64 Family 6 Model 69 Stepping 1, GenuineIntel



---------------  S Y S T E M  ---------------

OS: Windows 8.1 , 64 bit Build 9600 (6.3.9600.17415)

CPU:total 4 (2 cores per cpu, 2 threads per core) family 6 model 69 stepping 1, cmov, cx8, fxsr, mmx, sse, sse2, sse3, ssse3, sse4.1, sse4.2, popcnt, avx, avx2, aes, clmul, erms, lzcnt, ht, tsc, tscinvbit, bmi1, bmi2

Memory: 4k page, physical 12461016k(6638456k free), swap 14361560k(6578760k free)

vm_info: Java HotSpot(TM) 64-Bit Server VM (25.60-b23) for windows-amd64 JRE (1.8.0_60-b27), built on Aug  4 2015 11:06:27 by "java_re" with MS VC++ 10.0 (VS2010)

time: Mon Oct 12 00:10:40 2015
elapsed time: 6 seconds (0d 0h 0m 6s)

