#
# A fatal error has been detected by the Java Runtime Environment:
#
#  EXCEPTION_ACCESS_VIOLATION (0xc0000005) at pc=0x00007ffb188968c2, pid=4884, tid=8568
#
# JRE version: Java(TM) SE Runtime Environment (8.0_60-b27) (build 1.8.0_60-b27)
# Java VM: Java HotSpot(TM) 64-Bit Server VM (25.60-b23 mixed mode windows-amd64 compressed oops)
# Problematic frame:
# C  [libpxchandmodule.dll+0x168c2]
#
# Failed to write core dump. Minidumps are not enabled by default on client versions of Windows
#
# If you would like to submit a bug report, please visit:
#   http://bugreport.java.com/bugreport/crash.jsp
# The crash happened outside the Java Virtual Machine in native code.
# See problematic frame for where to report the bug.
#

---------------  T H R E A D  ---------------

Current thread (0x000000000211e000):  JavaThread "main" [_thread_in_native, id=8568, stack(0x0000000002120000,0x0000000002220000)]

siginfo: ExceptionCode=0xc0000005, reading address 0x0000000000000000

Registers:
RAX=0x000000000221f5f0, RBX=0x0000000018e36190, RCX=0x0000000024384ac0, RDX=0x0000000000000000
RSP=0x000000000221f590, RBP=0x000000000211e1f8, RSI=0x0000000018e03028, RDI=0x0000000002327b10
R8 =0x0000000000000000, R9 =0x000000000000000a, R10=0x000000001e05c780, R11=0x0000000061509440
R12=0x0000000000000000, R13=0x0000000018e36190, R14=0x0000000000000000, R15=0x000000000211e000
RIP=0x00007ffb188968c2, EFLAGS=0x0000000000010297

Top of Stack: (sp=0x000000000221f590)
0x000000000221f590:   0000000018e36190 000000000211e000
0x000000000221f5a0:   000000000211e000 000000000221f770
0x000000000221f5b0:   0000000018e36190 00007ffb2e47d0d2
0x000000000221f5c0:   000000000221f680 00000000614b9aa7
0x000000000221f5d0:   000000000221f680 00007ffb2e47d090
0x000000000221f5e0:   000000000211e000 000000000221f650
0x000000000221f5f0:   0000000018e36190 000000000211e000
0x000000000221f600:   000000000211e000 00000000021180e0
0x000000000221f610:   0000000018e36190 000000000221f770
0x000000000221f620:   0000000002119d40 000000006139a016
0x000000000221f630:   000000000221fa98 00000000613972f2
0x000000000221f640:   000000000221fa98 000000000221f770
0x000000000221f650:   0000000018e36190 000000000211e000
0x000000000221f660:   0000000018e36190 000000000211e000
0x000000000221f670:   0000000002327b10 000000000233dd20
0x000000000221f680:   000000000221f700 0000647500ab8a2b 

Instructions: (pc=0x00007ffb188968c2)
0x00007ffb188968a2:   1b 00 00 4d 2b ca 49 c1 e9 03 41 3b d1 7c 0a b8
0x00007ffb188968b2:   fe ff ff ff 48 83 c4 28 c3 48 63 d2 4d 8b 04 d2
0x00007ffb188968c2:   4d 8b 18 41 8b 50 08 45 8b 48 0c 45 8b 50 10 49
0x00007ffb188968d2:   83 c0 14 44 89 50 10 4c 89 18 44 89 48 0c 89 50 


Register to memory mapping:

RAX=0x000000000221f5f0 is pointing into the stack for thread: 0x000000000211e000
RBX={method} {0x0000000018e36198} 'PXCMHandData_QueryFiredGestureData' '(JILintel/rssdk/PXCMHandData$GestureData;)Lintel/rssdk/pxcmStatus;' in 'intel/rssdk/PXCMHandData'
RCX=0x0000000024384ac0 is an unknown value
RDX=0x0000000000000000 is an unknown value
RSP=0x000000000221f590 is pointing into the stack for thread: 0x000000000211e000
RBP=0x000000000211e1f8 is an unknown value
RSI=0x0000000018e03028 is pointing into metadata
RDI=0x0000000002327b10 is at code_begin+1456 in an Interpreter codelet
invoke return entry points  [0x0000000002327560, 0x0000000002327e60]  2304 bytes
R8 =0x0000000000000000 is an unknown value
R9 =0x000000000000000a is an unknown value
R10=0x000000001e05c780 is an unknown value
R11=0x0000000061509440 is an unknown value
R12=0x0000000000000000 is an unknown value
R13={method} {0x0000000018e36198} 'PXCMHandData_QueryFiredGestureData' '(JILintel/rssdk/PXCMHandData$GestureData;)Lintel/rssdk/pxcmStatus;' in 'intel/rssdk/PXCMHandData'
R14=0x0000000000000000 is an unknown value
R15=0x000000000211e000 is a thread


Stack: [0x0000000002120000,0x0000000002220000],  sp=0x000000000221f590,  free space=1021k
Native frames: (J=compiled Java code, j=interpreted, Vv=VM code, C=native code)
C  [libpxchandmodule.dll+0x168c2]
C  [libpxcclr.jni64.dll+0xd0d2]
C  0x000000000233dfcc

Java frames: (J=compiled Java code, j=interpreted, Vv=VM code)
j  intel.rssdk.PXCMHandData.PXCMHandData_QueryFiredGestureData(JILintel/rssdk/PXCMHandData$GestureData;)Lintel/rssdk/pxcmStatus;+0
j  intel.rssdk.PXCMHandData.QueryFiredGestureData(ILintel/rssdk/PXCMHandData$GestureData;)Lintel/rssdk/pxcmStatus;+6
j  CameraViewer.main([Ljava/lang/String;)V+182
v  ~StubRoutines::call_stub

---------------  P R O C E S S  ---------------

Java Threads: ( => current thread )
  0x000000001b0f1000 JavaThread "Service Thread" daemon [_thread_blocked, id=7544, stack(0x000000001b6c0000,0x000000001b7c0000)]
  0x00000000193cc000 JavaThread "C1 CompilerThread2" daemon [_thread_blocked, id=5440, stack(0x000000001b5c0000,0x000000001b6c0000)]
  0x00000000193fe000 JavaThread "C2 CompilerThread1" daemon [_thread_blocked, id=7392, stack(0x000000001b4c0000,0x000000001b5c0000)]
  0x00000000193d1000 JavaThread "C2 CompilerThread0" daemon [_thread_blocked, id=9064, stack(0x000000001afc0000,0x000000001b0c0000)]
  0x00000000193b8000 JavaThread "JDWP Command Reader" daemon [_thread_in_native, id=6196, stack(0x000000001aec0000,0x000000001afc0000)]
  0x00000000193b4800 JavaThread "JDWP Event Helper Thread" daemon [_thread_blocked, id=7384, stack(0x000000001adc0000,0x000000001aec0000)]
  0x00000000193a4000 JavaThread "JDWP Transport Listener: dt_socket" daemon [_thread_blocked, id=8196, stack(0x000000001acc0000,0x000000001adc0000)]
  0x000000001939c800 JavaThread "Attach Listener" daemon [_thread_blocked, id=2928, stack(0x000000001a8e0000,0x000000001a9e0000)]
  0x000000001939b000 JavaThread "Signal Dispatcher" daemon [_thread_blocked, id=1060, stack(0x000000001a7e0000,0x000000001a8e0000)]
  0x0000000002316800 JavaThread "Finalizer" daemon [_thread_blocked, id=3964, stack(0x000000001a600000,0x000000001a700000)]
  0x000000000230e800 JavaThread "Reference Handler" daemon [_thread_blocked, id=3504, stack(0x000000001a500000,0x000000001a600000)]
=>0x000000000211e000 JavaThread "main" [_thread_in_native, id=8568, stack(0x0000000002120000,0x0000000002220000)]

Other Threads:
  0x0000000019367000 VMThread [stack: 0x000000001a400000,0x000000001a500000] [id=5536]
  0x000000001b0fb000 WatcherThread [stack: 0x000000001b7c0000,0x000000001b8c0000] [id=8516]

VM state:not at safepoint (normal execution)

VM Mutex/Monitor currently owned by a thread: None

Heap:
 PSYoungGen      total 57344K, used 4930K [0x0000000780980000, 0x0000000784980000, 0x00000007c0000000)
  eden space 49152K, 10% used [0x0000000780980000,0x0000000780e509c8,0x0000000783980000)
  from space 8192K, 0% used [0x0000000784180000,0x0000000784180000,0x0000000784980000)
  to   space 8192K, 0% used [0x0000000783980000,0x0000000783980000,0x0000000784180000)
 ParOldGen       total 131072K, used 0K [0x0000000701c00000, 0x0000000709c00000, 0x0000000780980000)
  object space 131072K, 0% used [0x0000000701c00000,0x0000000701c00000,0x0000000709c00000)
 Metaspace       used 3193K, capacity 4824K, committed 5120K, reserved 1056768K
  class space    used 353K, capacity 456K, committed 512K, reserved 1048576K

Card table byte_map: [0x00000000116e0000,0x0000000011ce0000] byte_map_base: 0x000000000ded2000

Marking Bits: (ParMarkBitMap*) 0x0000000061aea5b0
 Begin Bits: [0x00000000124e0000, 0x0000000015470000)
 End Bits:   [0x0000000015470000, 0x0000000018400000)

Polling page: 0x0000000001fa0000

CodeCache: size=245760Kb used=1222Kb max_used=1227Kb free=244537Kb
 bounds [0x0000000002320000, 0x0000000002590000, 0x0000000011320000]
 total_blobs=327 nmethods=89 adapters=159
 compilation: enabled

Compilation events (10 events):
Event: 2.575 Thread 0x00000000193fe000   84       4       java.lang.String::indexOf (70 bytes)
Event: 2.576 Thread 0x00000000193cc000   86       3       java.lang.StringBuilder::toString (17 bytes)
Event: 2.577 Thread 0x00000000193cc000 nmethod 86 0x000000000244e450 code [0x000000000244e5c0, 0x000000000244e7c8]
Event: 2.577 Thread 0x00000000193cc000   87       3       java.util.HashMap::get (23 bytes)
Event: 2.577 Thread 0x00000000193cc000 nmethod 87 0x000000000244f090 code [0x000000000244f220, 0x000000000244f638]
Event: 2.577 Thread 0x00000000193cc000   88       3       java.lang.StringBuilder::<init> (7 bytes)
Event: 2.577 Thread 0x00000000193cc000 nmethod 88 0x000000000244f790 code [0x000000000244f900, 0x000000000244fbb0]
Event: 2.577 Thread 0x00000000193cc000   89       3       sun.nio.cs.UTF_8$Encoder::encode (359 bytes)
Event: 2.578 Thread 0x00000000193fe000 nmethod 84 0x0000000002452ad0 code [0x0000000002452c20, 0x0000000002452df8]
Event: 2.578 Thread 0x00000000193cc000 nmethod 89 0x0000000002451610 code [0x0000000002451800, 0x0000000002452398]

GC Heap History (0 events):
No events

Deoptimization events (0 events):
No events

Internal exceptions (2 events):
Event: 0.040 Thread 0x000000000211e000 Exception <a 'java/lang/NoSuchMethodError': Method sun.misc.Unsafe.defineClass(Ljava/lang/String;[BII)Ljava/lang/Class; name or signature does not match> (0x000000078098cf30) thrown at [C:\re\workspace\8-2-build-windows-amd64-cygwin\jdk8u60\4407\hotspot\srl‚L@å§?
Event: 0.040 Thread 0x000000000211e000 Exception <a 'java/lang/NoSuchMethodError': Method sun.misc.Unsafe.prefetchRead(Ljava/lang/Object;J)V name or signature does not match> (0x000000078098d218) thrown at [C:\re\workspace\8-2-build-windows-amd64-cygwin\jdk8u60\4407\hotspot\src\share\vm\prims\j

Events (10 events):
Event: 34.354 Executing VM operation: ChangeSingleStep
Event: 34.354 Executing VM operation: ChangeSingleStep done
Event: 39.548 Executing VM operation: EnterInterpOnlyMode
Event: 39.548 Executing VM operation: EnterInterpOnlyMode done
Event: 39.548 Executing VM operation: GetCurrentLocation
Event: 39.548 Executing VM operation: GetCurrentLocation done
Event: 39.548 Executing VM operation: ChangeSingleStep
Event: 39.548 Executing VM operation: ChangeSingleStep done
Event: 39.549 Executing VM operation: ChangeSingleStep
Event: 39.549 Executing VM operation: ChangeSingleStep done


Dynamic libraries:
0x00007ff7e1630000 - 0x00007ff7e1667000 	C:\Program Files\Java\jdk1.8.0_60\bin\javaw.exe
0x00007ffb43100000 - 0x00007ffb432ac000 	C:\WINDOWS\SYSTEM32\ntdll.dll
0x00007ffb41350000 - 0x00007ffb4148e000 	C:\WINDOWS\system32\KERNEL32.DLL
0x00007ffb40670000 - 0x00007ffb40785000 	C:\WINDOWS\system32\KERNELBASE.dll
0x00007ffb3ee00000 - 0x00007ffb3ee8e000 	C:\WINDOWS\system32\apphelp.dll
0x00007ffb2c340000 - 0x00007ffb2c393000 	C:\WINDOWS\AppPatch\AppPatch64\AcGenral.DLL
0x00007ffb40990000 - 0x00007ffb40a3a000 	C:\WINDOWS\system32\msvcrt.dll
0x00007ffb40030000 - 0x00007ffb4005e000 	C:\WINDOWS\SYSTEM32\SspiCli.dll
0x00007ffb40ce0000 - 0x00007ffb40d34000 	C:\WINDOWS\system32\SHLWAPI.dll
0x00007ffb411d0000 - 0x00007ffb41347000 	C:\WINDOWS\system32\USER32.dll
0x00007ffb407f0000 - 0x00007ffb40984000 	C:\WINDOWS\system32\ole32.dll
0x00007ffb41490000 - 0x00007ffb429a9000 	C:\WINDOWS\system32\SHELL32.dll
0x00007ffb3f680000 - 0x00007ffb3f6a1000 	C:\WINDOWS\SYSTEM32\USERENV.dll
0x00007ffb43040000 - 0x00007ffb430ea000 	C:\WINDOWS\system32\ADVAPI32.dll
0x00007ffb319c0000 - 0x00007ffb319de000 	C:\WINDOWS\SYSTEM32\MPR.dll
0x00007ffb40b90000 - 0x00007ffb40cd1000 	C:\WINDOWS\system32\RPCRT4.dll
0x00007ffb40f40000 - 0x00007ffb40f99000 	C:\WINDOWS\SYSTEM32\sechost.dll
0x00007ffb429c0000 - 0x00007ffb42bd1000 	C:\WINDOWS\SYSTEM32\combase.dll
0x00007ffb40a40000 - 0x00007ffb40b8f000 	C:\WINDOWS\system32\GDI32.dll
0x00007ffb40260000 - 0x00007ffb40275000 	C:\WINDOWS\SYSTEM32\profapi.dll
0x00007ffb3e680000 - 0x00007ffb3e732000 	C:\WINDOWS\SYSTEM32\SHCORE.dll
0x00007ffb40790000 - 0x00007ffb407c6000 	C:\WINDOWS\system32\IMM32.DLL
0x00007ffb41070000 - 0x00007ffb411c2000 	C:\WINDOWS\system32\MSCTF.dll
0x00007ffb3de40000 - 0x00007ffb3e0ba000 	C:\WINDOWS\WinSxS\amd64_microsoft.windows.common-controls_6595b64144ccf1df_6.0.9600.17810_none_6240b9c7ecbd0bda\COMCTL32.dll
0x0000000061b70000 - 0x0000000061c42000 	C:\Program Files\Java\jdk1.8.0_60\jre\bin\msvcr100.dll
0x00000000612e0000 - 0x0000000061b69000 	C:\Program Files\Java\jdk1.8.0_60\jre\bin\server\jvm.dll
0x00007ffb39460000 - 0x00007ffb39469000 	C:\WINDOWS\SYSTEM32\WSOCK32.dll
0x00007ffb3c550000 - 0x00007ffb3c572000 	C:\WINDOWS\SYSTEM32\WINMM.dll
0x00007ffb3a8a0000 - 0x00007ffb3a8aa000 	C:\WINDOWS\SYSTEM32\VERSION.dll
0x00007ffb42e50000 - 0x00007ffb42e57000 	C:\WINDOWS\system32\PSAPI.DLL
0x00007ffb40e10000 - 0x00007ffb40e6a000 	C:\WINDOWS\system32\WS2_32.dll
0x00007ffb3c520000 - 0x00007ffb3c54a000 	C:\WINDOWS\SYSTEM32\WINMMBASE.dll
0x00007ffb40e70000 - 0x00007ffb40e79000 	C:\WINDOWS\system32\NSI.dll
0x00007ffb405c0000 - 0x00007ffb4060f000 	C:\WINDOWS\SYSTEM32\cfgmgr32.dll
0x00007ffb3f060000 - 0x00007ffb3f088000 	C:\WINDOWS\SYSTEM32\DEVOBJ.dll
0x00000000612d0000 - 0x00000000612df000 	C:\Program Files\Java\jdk1.8.0_60\jre\bin\verify.dll
0x00000000612a0000 - 0x00000000612c9000 	C:\Program Files\Java\jdk1.8.0_60\jre\bin\java.dll
0x0000000061ca0000 - 0x0000000061cd5000 	C:\Program Files\Java\jdk1.8.0_60\jre\bin\jdwp.dll
0x0000000061c90000 - 0x0000000061c98000 	C:\Program Files\Java\jdk1.8.0_60\jre\bin\npt.dll
0x0000000061280000 - 0x0000000061296000 	C:\Program Files\Java\jdk1.8.0_60\jre\bin\zip.dll
0x0000000061c80000 - 0x0000000061c89000 	C:\Program Files\Java\jdk1.8.0_60\jre\bin\dt_socket.dll
0x00007ffb336c0000 - 0x00007ffb336d5000 	C:\WINDOWS\system32\napinsp.dll
0x00007ffb33780000 - 0x00007ffb3379a000 	C:\WINDOWS\system32\pnrpnsp.dll
0x00007ffb3dc60000 - 0x00007ffb3dc7b000 	C:\WINDOWS\system32\NLAapi.dll
0x00007ffb3fa70000 - 0x00007ffb3fac9000 	C:\WINDOWS\System32\mswsock.dll
0x00007ffb3f860000 - 0x00007ffb3f904000 	C:\WINDOWS\SYSTEM32\DNSAPI.dll
0x00007ffb337a0000 - 0x00007ffb337ad000 	C:\WINDOWS\System32\winrnr.dll
0x00007ffb337b0000 - 0x00007ffb337c4000 	C:\WINDOWS\system32\wshbth.dll
0x00007ffb3b820000 - 0x00007ffb3b88b000 	C:\WINDOWS\System32\fwpuclnt.dll
0x00007ffb33ff0000 - 0x00007ffb33ffa000 	C:\Windows\System32\rasadhlp.dll
0x00007ffb2e470000 - 0x00007ffb2e4cd000 	C:\Users\PC\Desktop\Java Examples\DF_CameraViewer\libpxcclr.jni64.dll
0x00007ffb250f0000 - 0x00007ffb251a8000 	C:\Program Files\Common Files\Intel\RSSDK\v6\bin\x64\libpxcsession.dll
0x00007ffb2ab60000 - 0x00007ffb2abb2000 	C:\Program Files\Common Files\Intel\RSSDK\v6\bin\x64\tbb.dll
0x00007ffb25040000 - 0x00007ffb250e7000 	C:\WINDOWS\SYSTEM32\MSVCP110.dll
0x00007ffb1a470000 - 0x00007ffb1a53e000 	C:\WINDOWS\SYSTEM32\MSVCR110.dll
0x00007ffb19ee0000 - 0x00007ffb1a0c2000 	C:\Program Files\Common Files\Intel\RSSDK\v6\bin\x64\libpxccore.dll
0x00007ffb1a360000 - 0x00007ffb1a461000 	C:\Program Files\Common Files\Intel\RSSDK\v6\bin\x64\intel-ias2.dll
0x00007ffb2f750000 - 0x00007ffb2f79a000 	C:\Program Files\Common Files\Intel\RSSDK\v6\bin\x64\libpxclanternrock.dll
0x00007ffb18ad0000 - 0x00007ffb18bb4000 	C:\Program Files\Common Files\Intel\RSSDK\v6\bin\x64\libpxcpipelineutils.dll
0x00007ffb01f40000 - 0x00007ffb03bbd000 	C:\Program Files\Common Files\Intel\RSSDK\v6\bin\x64\libpxchand_core.dll
0x00007ffb40d40000 - 0x00007ffb40e01000 	C:\WINDOWS\system32\OLEAUT32.dll
0x00007ffb008c0000 - 0x00007ffb01f31000 	C:\Program Files\Common Files\Intel\RSSDK\v6\bin\x64\libpxchand_track.dll
0x00007ffb3eb20000 - 0x00007ffb3ec49000 	C:\WINDOWS\system32\uxtheme.dll
0x00007ffb11dc0000 - 0x00007ffb12d18000 	C:\Program Files\Common Files\Intel\RSSDK\v6\bin\x64\libpxchand_facade.dll
0x00007ffb18880000 - 0x00007ffb18ace000 	C:\Program Files\Common Files\Intel\RSSDK\v6\bin\x64\libpxchandmodule.dll
0x00007ffb3d2b0000 - 0x00007ffb3d2c3000 	C:\Program Files\Common Files\Intel\RSSDK\v6\bin\x64\libpxcpowermanager.dll
0x00007ffb16000000 - 0x00007ffb1611d000 	C:\Program Files\Common Files\Intel\RSDCM\bin\x64\IVCAM_DLL.dll
0x00007ffb42e60000 - 0x00007ffb4303a000 	C:\WINDOWS\system32\SETUPAPI.dll
0x00007ffb19e40000 - 0x00007ffb19edd000 	C:\WINDOWS\SYSTEM32\MF.dll
0x00007ffb32c00000 - 0x00007ffb32ceb000 	C:\WINDOWS\SYSTEM32\MFPlat.DLL
0x00007ffb28c20000 - 0x00007ffb28c85000 	C:\WINDOWS\SYSTEM32\MFReadWrite.dll
0x00007ffb25af0000 - 0x00007ffb25b46000 	C:\WINDOWS\SYSTEM32\newdev.dll
0x00007ffb3c380000 - 0x00007ffb3c38b000 	C:\WINDOWS\SYSTEM32\WINUSB.DLL
0x00007ffb399e0000 - 0x00007ffb399f6000 	C:\WINDOWS\SYSTEM32\devrtl.DLL
0x00007ffb15dc0000 - 0x00007ffb15ff9000 	C:\WINDOWS\SYSTEM32\MFCORE.DLL
0x00007ffb3b7e0000 - 0x00007ffb3b7e8000 	C:\WINDOWS\SYSTEM32\ksuser.dll
0x00007ffb3eed0000 - 0x00007ffb3eedb000 	C:\WINDOWS\SYSTEM32\kernel.appcore.dll
0x00007ffb35190000 - 0x00007ffb351b7000 	C:\WINDOWS\SYSTEM32\RTWorkQ.DLL
0x00007ffb3d540000 - 0x00007ffb3d54c000 	C:\WINDOWS\SYSTEM32\AVRT.dll
0x00007ffb14020000 - 0x00007ffb14493000 	C:\Program Files\Common Files\Intel\RSDCM\bin\x64\libpxccamera_dcm_f200.dll
0x00007ffb3bfc0000 - 0x00007ffb3c042000 	C:\WINDOWS\SYSTEM32\WINSPOOL.DRV
0x00007ffb3ef30000 - 0x00007ffb3ef37000 	C:\WINDOWS\SYSTEM32\MSIMG32.dll
0x00007ffb3d300000 - 0x00007ffb3d36a000 	C:\WINDOWS\SYSTEM32\OLEACC.dll
0x00007ffb3bc70000 - 0x00007ffb3be20000 	C:\WINDOWS\WinSxS\amd64_microsoft.windows.gdiplus_6595b64144ccf1df_1.1.9600.17415_none_932b3b5547500489\gdiplus.dll
0x00007ffb400d0000 - 0x00007ffb400db000 	C:\WINDOWS\SYSTEM32\CRYPTBASE.dll
0x00007ffb40060000 - 0x00007ffb400c3000 	C:\WINDOWS\SYSTEM32\bcryptPrimitives.dll
0x00007ffb40e80000 - 0x00007ffb40f36000 	C:\WINDOWS\SYSTEM32\clbcatq.dll
0x00007ffb3fad0000 - 0x00007ffb3faf0000 	C:\WINDOWS\SYSTEM32\CRYPTSP.dll
0x00007ffb3f710000 - 0x00007ffb3f746000 	C:\WINDOWS\system32\rsaenh.dll
0x00007ffb3fd20000 - 0x00007ffb3fd46000 	C:\WINDOWS\SYSTEM32\bcrypt.dll
0x00007ffb2f810000 - 0x00007ffb2f82a000 	C:\Program Files\Common Files\Intel\RSDCM\bin\x64\RealSenseDCMPS.dll
0x00007ffb30f50000 - 0x00007ffb30f66000 	C:\Program Files (x86)\LG Electronics\Screen Split\bin\ScreenSplitterHook64.dll
0x00007ffb392e0000 - 0x00007ffb3938b000 	C:\Program Files\Common Files\microsoft shared\ink\tiptsf.dll
0x00007ffb10f00000 - 0x00007ffb11141000 	C:\WINDOWS\System32\msxml3.dll
0x00007ffb38450000 - 0x00007ffb385d5000 	C:\WINDOWS\SYSTEM32\urlmon.dll
0x00007ffb380a0000 - 0x00007ffb38367000 	C:\WINDOWS\SYSTEM32\iertutil.dll
0x00007ffb37df0000 - 0x00007ffb3804a000 	C:\WINDOWS\SYSTEM32\WININET.dll
0x00007ffb3e420000 - 0x00007ffb3e441000 	C:\WINDOWS\system32\dwmapi.dll
0x00007ffb40610000 - 0x00007ffb40661000 	C:\WINDOWS\system32\WINTRUST.dll
0x00007ffb403e0000 - 0x00007ffb405bf000 	C:\WINDOWS\system32\CRYPT32.dll
0x00007ffb40310000 - 0x00007ffb40321000 	C:\WINDOWS\system32\MSASN1.dll
0x00007ffb35220000 - 0x00007ffb353a9000 	C:\WINDOWS\SYSTEM32\dbghelp.dll

VM Arguments:
jvm_args: -agentlib:jdwp=transport=dt_socket,suspend=y,address=localhost:57963 -Djava.library.path=C:\Users\PC\Desktop\Java Examples\DF_CameraViewer -Dfile.encoding=Cp1252 
java_command: CameraViewer
java_class_path (initial): C:\Users\PC\workspace\CameraViewer\bin;C:\Users\PC\Desktop\Java Examples\DF_CameraViewer\libpxcclr.java.jar
Launcher Type: SUN_STANDARD

Environment Variables:
JAVA_HOME=C:\Program Files\Java\jdk1.8.0_60
PATH=C:\Program Files\Java\jdk1.8.0_60\jre\bin;C:/Program Files/Java/jre1.8.0_60/bin/server;C:/Program Files/Java/jre1.8.0_60/bin;C:/Program Files/Java/jre1.8.0_60/lib/amd64;C:\ProgramData\Oracle\Java\javapath;c:\Program Files (x86)\Intel\iCLS Client\;c:\Program Files\Intel\iCLS Client\;C:\WINDOWS\system32;C:\WINDOWS;C:\WINDOWS\System32\Wbem;C:\WINDOWS\System32\WindowsPowerShell\v1.0\;C:\Program Files (x86)\Intel\OpenCL SDK\3.0\bin\x86;C:\Program Files (x86)\Intel\OpenCL SDK\3.0\bin\x64;C:\Program Files\Intel\Intel(R) Management Engine Components\DAL;C:\Program Files\Intel\Intel(R) Management Engine Components\IPT;C:\Program Files (x86)\Intel\Intel(R) Management Engine Components\DAL;C:\Program Files (x86)\Intel\Intel(R) Management Engine Components\IPT;C:\Program Files (x86)\Windows Live\Shared;C:\Program Files\Java\jdk1.8.0_60\bin;C:\Program Files\Java\jre1.8.0_60\bin;C:\WINDOWS\system32\config\systemprofile\.dnx\bin;C:\Program Files\Microsoft DNX\Dnvm\;C:\Program Files (x86)\Skype\Phone\;C:\Program Files (x86)\Windows Kits\8.1\Windows Performance Toolkit;C:\Program Files\Java\jdk1.8.0_60\bin;C:\Users\PC\Desktop;
USERNAME=PC
OS=Windows_NT
PROCESSOR_IDENTIFIER=Intel64 Family 6 Model 69 Stepping 1, GenuineIntel



---------------  S Y S T E M  ---------------

OS: Windows 8.1 , 64 bit Build 9600 (6.3.9600.17415)

CPU:total 4 (2 cores per cpu, 2 threads per core) family 6 model 69 stepping 1, cmov, cx8, fxsr, mmx, sse, sse2, sse3, ssse3, sse4.1, sse4.2, popcnt, avx, avx2, aes, clmul, erms, lzcnt, ht, tsc, tscinvbit, bmi1, bmi2

Memory: 4k page, physical 12461016k(7139528k free), swap 14361560k(7115688k free)

vm_info: Java HotSpot(TM) 64-Bit Server VM (25.60-b23) for windows-amd64 JRE (1.8.0_60-b27), built on Aug  4 2015 11:06:27 by "java_re" with MS VC++ 10.0 (VS2010)

time: Mon Oct 12 01:18:54 2015
elapsed time: 39 seconds (0d 0h 0m 39s)

